[2021-05-20 09:47:11.181] [info] App starting...
[2021-05-20 09:47:11.261] [info] [event] app.ready.
[2021-05-20 09:47:11.324] [info] [event] app.browser-window-created.
[2021-05-20 09:47:11.366] [info] IP 178.198.14.65
[2021-05-20 09:47:11.368] [info] os ver 5.9.16-1-MANJARO (x64)
[2021-05-20 09:47:11.369] [info] paprika setup..
[2021-05-20 09:47:11.409] [info] [event] app.browser-window-created.
[2021-05-20 09:47:11.427] [info] deviceId 
[2021-05-20 09:47:11.575] [info] [event] HandlerManager.onCreateWindow
[2021-05-20 09:47:11.655] [info] db initialized..
[2021-05-20 09:47:11.658] [info] handler initialized
[2021-05-20 09:47:11.659] [info] push initialized..
[2021-05-20 09:47:11.661] [info] policy initialized..
[2021-05-20 09:47:12.162] [info] [event] mainWindow.webContents.dom-ready
[2021-05-20 09:47:13.429] [info] P PAPRIKA_STATE_PREPARING PAPRIKA_DETAILED_STATE_PREPARING_UPDATED_DEVICE_ID 5466870471452
[2021-05-20 09:47:13.432] [info] **** update device ID
[2021-05-20 09:47:13.433] [info] debug ## push reset
[2021-05-20 09:47:13.530] [info] [event] mainWindow.focus
[2021-05-20 09:47:14.241] [info] P PAPRIKA_STATE_PREPARING PAPRIKA_DETAILED_STATE_PREPARING_UPDATED_AUTH_TOKEN 0
[2021-05-20 09:47:14.434] [info] debug ## push connect
[2021-05-20 09:47:19.464] [info] P PAPRIKA_STATE_FINISHED PAPRIKA_DETAILED_STATE_FINISHED_SUCCESS 0
[2021-05-20 09:47:19.499] [info] debug ## push reset
[2021-05-20 09:47:19.641] [info] P PAPRIKA_STATE_FINISHED PAPRIKA_DETAILED_STATE_FINISHED_CANCEL 0
[2021-05-20 09:47:20.365] [info] P PAPRIKA_STATE_FINISHED PAPRIKA_DETAILED_STATE_FINISHED_SUCCESS 0
[2021-05-20 09:47:20.422] [info] P PAPRIKA_STATE_FINISHED PAPRIKA_DETAILED_STATE_FINISHED_SUCCESS 0
[2021-05-20 09:47:20.501] [info] debug ## push connect
[2021-05-20 09:48:17.209] [info] [event] mainWindow.blur
[2021-05-20 09:49:04.821] [info] [event] mainWindow.focus
[2021-05-20 09:49:06.641] [info] [event] mainWindow.blur
[2021-05-20 09:51:20.752] [info] [event] mainWindow.focus
[2021-05-20 09:51:21.489] [info] [event] mainWindow.blur
[2021-05-20 09:51:22.271] [info] [event] mainWindow.focus
[2021-05-20 09:51:23.724] [info] [event] mainWindow.close
[2021-05-20 09:51:23.754] [info] [event] mainWindow.blur
[2021-05-20 09:51:23.907] [info] [event] mainWindow.closed
[2021-05-20 10:31:08.325] [info] App starting...
[2021-05-20 10:31:08.367] [info] [event] app.ready.
[2021-05-20 10:31:08.401] [info] [event] app.browser-window-created.
[2021-05-20 10:31:08.421] [info] [event] app.browser-window-created.
[2021-05-20 10:31:08.428] [info] IP 178.198.14.65
[2021-05-20 10:31:08.429] [info] os ver 5.9.16-1-MANJARO (x64)
[2021-05-20 10:31:08.429] [info] paprika setup..
[2021-05-20 10:31:08.433] [info] deviceId 5466870471452
[2021-05-20 10:31:08.476] [info] db initialized..
[2021-05-20 10:31:08.478] [info] handler initialized
[2021-05-20 10:31:08.479] [info] push initialized..
[2021-05-20 10:31:08.480] [info] policy initialized..
[2021-05-20 10:31:08.492] [info] debug ## push online
[2021-05-20 10:31:08.492] [info] debug ## push reset
[2021-05-20 10:31:08.527] [info] [event] HandlerManager.onCreateWindow
[2021-05-20 10:31:08.655] [info] [event] mainWindow.webContents.dom-ready
[2021-05-20 10:31:09.492] [info] debug ## push connect
[2021-05-20 10:31:09.706] [info] P PAPRIKA_STATE_PREPARING PAPRIKA_DETAILED_STATE_PREPARING_UPDATED_AUTH_TOKEN 0
[2021-05-20 10:31:10.161] [info] [event] mainWindow.focus
[2021-05-20 10:31:10.332] [info] [event] mainWindow.blur
[2021-05-20 10:31:10.446] [info] [event] mainWindow.focus
[2021-05-20 10:31:11.507] [info] [event] mainWindow.blur
[2021-05-20 10:31:16.930] [info] P PAPRIKA_STATE_FINISHED PAPRIKA_DETAILED_STATE_FINISHED_SUCCESS 0
[2021-05-20 10:31:16.941] [info] debug ## push reset
[2021-05-20 10:31:17.117] [info] P PAPRIKA_STATE_FINISHED PAPRIKA_DETAILED_STATE_FINISHED_CANCEL 0
[2021-05-20 10:31:17.755] [info] P PAPRIKA_STATE_FINISHED PAPRIKA_DETAILED_STATE_FINISHED_SUCCESS 0
[2021-05-20 10:31:17.854] [info] P PAPRIKA_STATE_FINISHED PAPRIKA_DETAILED_STATE_FINISHED_SUCCESS 0
[2021-05-20 10:31:17.942] [info] debug ## push connect
[2021-05-20 10:31:19.317] [info] [event] mainWindow.focus
[2021-05-20 10:31:19.344] [info] P PAPRIKA_STATE_PREPARING PAPRIKA_DETAILED_STATE_PREPARING_REQUEST_KEY 0
[2021-05-20 10:31:20.588] [info] P PAPRIKA_STATE_PREPARING PAPRIKA_DETAILED_STATE_PREPARING_UPDATED_KEY 894145
[2021-05-20 10:31:20.590] [info] P PAPRIKA_STATE_PREPARING PAPRIKA_DETAILED_STATE_PREPARING_REQUEST_MODE 0
[2021-05-20 10:31:21.459] [info] P PAPRIKA_STATE_FINISHED PAPRIKA_DETAILED_STATE_FINISHED_SUCCESS 0
[2021-05-20 10:31:43.460] [info] P PAPRIKA_STATE_FINISHED PAPRIKA_DETAILED_STATE_FINISHED_SUCCESS 0
[2021-05-20 10:31:44.456] [info] P PAPRIKA_STATE_PREPARING PAPRIKA_DETAILED_STATE_PREPARING_UPDATED_AUTH_TOKEN 0
[2021-05-20 10:31:44.457] [info] P PAPRIKA_STATE_FINISHED PAPRIKA_DETAILED_STATE_FINISHED_SUCCESS 0
[2021-05-20 10:31:44.468] [info] P PAPRIKA_STATE_NOTIFICATION PAPRIKA_DETAILED_STATE_NOTIFICATION_MYDEVICE_STATE_CHANGED 0
[2021-05-20 10:31:45.301] [info] P PAPRIKA_STATE_FINISHED PAPRIKA_DETAILED_STATE_FINISHED_SUCCESS 0
[2021-05-20 10:31:46.119] [info] P PAPRIKA_STATE_FINISHED PAPRIKA_DETAILED_STATE_FINISHED_SUCCESS 0
[2021-05-20 10:31:46.319] [info] P PAPRIKA_STATE_FINISHED PAPRIKA_DETAILED_STATE_FINISHED_SUCCESS 0
[2021-05-20 10:31:48.790] [info] [event] mainWindow.blur
[2021-05-20 10:31:53.608] [info] [event] mainWindow.focus
[2021-05-20 10:31:54.011] [info] P PAPRIKA_STATE_PREPARING PAPRIKA_DETAILED_STATE_PREPARING_REQUEST_KEY 0
[2021-05-20 10:31:55.250] [info] P PAPRIKA_STATE_PREPARING PAPRIKA_DETAILED_STATE_PREPARING_UPDATED_KEY JMSKMZW6
[2021-05-20 10:31:55.251] [info] P PAPRIKA_STATE_PREPARING PAPRIKA_DETAILED_STATE_PREPARING_REQUEST_MODE 0
[2021-05-20 10:31:55.268] [info] P PAPRIKA_STATE_NOTIFICATION PAPRIKA_DETAILED_STATE_NOTIFICATION_UPDATE_MYKEY {}
[2021-05-20 10:31:55.450] [info] P PAPRIKA_STATE_PREPARING PAPRIKA_DETAILED_STATE_PREPARING_UPDATED_MODE 0
[2021-05-20 10:31:55.451] [info] P PAPRIKA_STATE_PREPARING PAPRIKA_DETAILED_STATE_PREPARING_UPDATED_FILE_LIST [ {} ]
[2021-05-20 10:31:56.117] [info] P PAPRIKA_STATE_FINISHED PAPRIKA_DETAILED_STATE_FINISHED_SUCCESS 0
[2021-05-20 10:31:56.466] [info] P PAPRIKA_STATE_FINISHED PAPRIKA_DETAILED_STATE_FINISHED_SUCCESS 0
[2021-05-20 10:31:59.719] [info] [event] mainWindow.blur
[2021-05-20 10:32:01.143] [info] [event] mainWindow.focus
[2021-05-20 10:32:01.209] [info] [event] mainWindow.blur
[2021-05-20 10:32:08.773] [info] P PAPRIKA_STATE_PREPARING PAPRIKA_DETAILED_STATE_PREPARING_REQUEST_MODE 0
[2021-05-20 10:32:10.377] [info] P PAPRIKA_STATE_PREPARING PAPRIKA_DETAILED_STATE_PREPARING_UPDATED_MODE 0
[2021-05-20 10:32:10.378] [info] P PAPRIKA_STATE_FINISHED PAPRIKA_DETAILED_STATE_FINISHED_SUCCESS 0
[2021-05-20 10:32:10.887] [info] P PAPRIKA_STATE_PREPARING PAPRIKA_DETAILED_STATE_PREPARING_UPDATED_MODE 0
[2021-05-20 10:32:10.888] [info] P PAPRIKA_STATE_PREPARING PAPRIKA_DETAILED_STATE_PREPARING_REQUEST_MODE 0
[2021-05-20 10:32:11.076] [info] P PAPRIKA_STATE_PREPARING PAPRIKA_DETAILED_STATE_PREPARING_UPDATED_MODE 0
[2021-05-20 10:32:11.077] [info] P PAPRIKA_STATE_FINISHED PAPRIKA_DETAILED_STATE_FINISHED_CANCEL 0
[2021-05-20 10:32:11.210] [info] P PAPRIKA_STATE_FINISHED PAPRIKA_DETAILED_STATE_FINISHED_SUCCESS 0
[2021-05-20 10:32:12.044] [info] [event] mainWindow.focus
[2021-05-20 10:32:12.223] [info] [event] mainWindow.blur
[2021-05-20 10:32:15.341] [info] [event] mainWindow.focus
[2021-05-20 10:32:29.983] [info] [event] mainWindow.blur
[2021-05-20 10:32:32.464] [info] [event] mainWindow.focus
[2021-05-20 10:32:34.027] [info] [event] mainWindow.blur
[2021-05-20 10:32:38.886] [info] [event] mainWindow.focus
[2021-05-20 10:32:44.144] [info] [event] mainWindow.blur
[2021-05-20 10:34:01.648] [info] [event] mainWindow.focus
[2021-05-20 10:34:06.259] [info] [event] mainWindow.close
[2021-05-20 10:34:06.265] [info] [event] mainWindow.closed
[2021-05-20 11:30:19.406] [info] P PAPRIKA_STATE_PREPARING PAPRIKA_DETAILED_STATE_PREPARING_UPDATED_AUTH_TOKEN 0
[2021-05-20 11:30:20.379] [info] P PAPRIKA_STATE_PREPARING PAPRIKA_DETAILED_STATE_PREPARING_UPDATED_AUTH_TOKEN 0
[2021-05-20 11:30:20.386] [info] P PAPRIKA_STATE_NOTIFICATION PAPRIKA_DETAILED_STATE_NOTIFICATION_MYDEVICE_STATE_CHANGED 0
[2021-05-20 11:30:22.336] [info] P PAPRIKA_STATE_FINISHED PAPRIKA_DETAILED_STATE_FINISHED_SUCCESS 0
[2021-05-20 14:00:07.693] [info] debug ## push resume
[2021-05-20 14:00:07.694] [info] debug ## push reset
[2021-05-20 14:00:08.440] [info] P PAPRIKA_STATE_FINISHED PAPRIKA_DETAILED_STATE_FINISHED_CANCEL 0
[2021-05-20 14:00:08.695] [info] debug ## push connect
[2021-05-20 14:00:08.704] [info] P PAPRIKA_STATE_ERROR PAPRIKA_DETAILED_STATE_ERROR_SERVER_NETWORK 0
[2021-05-20 14:00:08.705] [info] debug ***** push connect error PAPRIKA_DETAILED_STATE_ERROR_SERVER_NETWORK
[2021-05-20 14:00:08.706] [info] P PAPRIKA_STATE_FINISHED PAPRIKA_DETAILED_STATE_FINISHED_ERROR 0
[2021-05-20 14:00:09.707] [info] debug ## push connect
[2021-05-20 14:00:09.715] [info] P PAPRIKA_STATE_ERROR PAPRIKA_DETAILED_STATE_ERROR_SERVER_NETWORK 0
[2021-05-20 14:00:09.716] [info] debug ***** push connect error PAPRIKA_DETAILED_STATE_ERROR_SERVER_NETWORK
[2021-05-20 14:00:09.717] [info] P PAPRIKA_STATE_FINISHED PAPRIKA_DETAILED_STATE_FINISHED_ERROR 0
[2021-05-20 14:00:10.717] [info] debug ## push connect
[2021-05-20 14:00:10.725] [info] P PAPRIKA_STATE_ERROR PAPRIKA_DETAILED_STATE_ERROR_SERVER_NETWORK 0
[2021-05-20 14:00:10.726] [info] debug ***** push connect error PAPRIKA_DETAILED_STATE_ERROR_SERVER_NETWORK
[2021-05-20 14:00:10.726] [info] P PAPRIKA_STATE_FINISHED PAPRIKA_DETAILED_STATE_FINISHED_ERROR 0
[2021-05-20 14:00:11.727] [info] debug ## push connect
[2021-05-20 14:00:11.952] [info] P PAPRIKA_STATE_ERROR PAPRIKA_DETAILED_STATE_ERROR_SERVER_NETWORK 0
[2021-05-20 14:00:11.953] [info] debug ***** push connect error PAPRIKA_DETAILED_STATE_ERROR_SERVER_NETWORK
[2021-05-20 14:00:11.953] [info] P PAPRIKA_STATE_FINISHED PAPRIKA_DETAILED_STATE_FINISHED_ERROR 0
[2021-05-20 14:00:12.955] [info] debug ## push connect
[2021-05-20 14:00:12.962] [info] P PAPRIKA_STATE_ERROR PAPRIKA_DETAILED_STATE_ERROR_SERVER_NETWORK 0
[2021-05-20 14:00:12.963] [info] debug ***** push connect error PAPRIKA_DETAILED_STATE_ERROR_SERVER_NETWORK
[2021-05-20 14:00:12.964] [info] P PAPRIKA_STATE_FINISHED PAPRIKA_DETAILED_STATE_FINISHED_ERROR 0
[2021-05-20 14:00:13.406] [info] [event] app.will-quit.
[2021-05-22 15:15:49.784] [info] App starting...
[2021-05-22 15:15:49.869] [info] [event] app.ready.
[2021-05-22 15:15:49.948] [info] [event] app.browser-window-created.
[2021-05-22 15:15:49.978] [info] [event] app.browser-window-created.
[2021-05-22 15:15:50.007] [info] IP 178.197.233.59
[2021-05-22 15:15:50.008] [info] os ver 5.9.16-1-MANJARO (x64)
[2021-05-22 15:15:50.009] [info] paprika setup..
[2021-05-22 15:15:50.015] [info] deviceId 5466870471452
[2021-05-22 15:15:50.119] [info] [event] HandlerManager.onCreateWindow
[2021-05-22 15:15:50.147] [info] db initialized..
[2021-05-22 15:15:50.150] [info] handler initialized
[2021-05-22 15:15:50.151] [info] push initialized..
[2021-05-22 15:15:50.152] [info] policy initialized..
[2021-05-22 15:15:50.155] [info] debug ## push online
[2021-05-22 15:15:50.156] [info] debug ## push reset
[2021-05-22 15:15:50.510] [info] [event] mainWindow.webContents.dom-ready
[2021-05-22 15:15:51.148] [info] P PAPRIKA_STATE_PREPARING PAPRIKA_DETAILED_STATE_PREPARING_UPDATED_AUTH_TOKEN 0
[2021-05-22 15:15:51.157] [info] debug ## push connect
[2021-05-22 15:15:51.935] [info] [event] mainWindow.focus
[2021-05-22 15:15:52.114] [info] P PAPRIKA_STATE_ERROR PAPRIKA_DETAILED_STATE_ERROR_REQUIRED_LOGIN 0
[2021-05-22 15:15:52.115] [info] task error 7
[2021-05-22 15:15:52.116] [warn] my key err 7
[2021-05-22 15:15:52.117] [warn] err new mykey => no list
[2021-05-22 15:15:52.124] [info] P PAPRIKA_STATE_FINISHED PAPRIKA_DETAILED_STATE_FINISHED_ERROR 0
[2021-05-22 15:15:52.148] [info] debug ## push reset
[2021-05-22 15:15:52.200] [info] debug ## push reset
[2021-05-22 15:15:53.041] [info] P PAPRIKA_STATE_PREPARING PAPRIKA_DETAILED_STATE_PREPARING_UPDATED_AUTH_TOKEN 0
[2021-05-22 15:15:53.042] [info] P PAPRIKA_STATE_FINISHED PAPRIKA_DETAILED_STATE_FINISHED_SUCCESS 0
[2021-05-22 15:15:53.149] [info] debug ## push connect
[2021-05-22 15:15:53.223] [info] debug ## push connect
[2021-05-22 15:15:53.959] [info] P PAPRIKA_STATE_FINISHED PAPRIKA_DETAILED_STATE_FINISHED_CANCEL 0
[2021-05-22 15:15:53.961] [info] P PAPRIKA_STATE_FINISHED PAPRIKA_DETAILED_STATE_FINISHED_SUCCESS 0
[2021-05-22 15:15:53.965] [info] P PAPRIKA_STATE_FINISHED PAPRIKA_DETAILED_STATE_FINISHED_SUCCESS 0
[2021-05-22 15:15:53.967] [info] P PAPRIKA_STATE_FINISHED PAPRIKA_DETAILED_STATE_FINISHED_SUCCESS 0
[2021-05-22 15:15:55.204] [info] P PAPRIKA_STATE_FINISHED PAPRIKA_DETAILED_STATE_FINISHED_SUCCESS 0
[2021-05-22 15:16:24.088] [info] P PAPRIKA_STATE_FINISHED PAPRIKA_DETAILED_STATE_FINISHED_SUCCESS 0
[2021-05-22 15:16:27.040] [info] P PAPRIKA_STATE_PREPARING PAPRIKA_DETAILED_STATE_PREPARING_REQUEST_KEY 0
[2021-05-22 15:16:28.671] [info] P PAPRIKA_STATE_PREPARING PAPRIKA_DETAILED_STATE_PREPARING_UPDATED_KEY 232104
[2021-05-22 15:16:28.672] [info] P PAPRIKA_STATE_PREPARING PAPRIKA_DETAILED_STATE_PREPARING_REQUEST_MODE 0
[2021-05-22 15:16:29.491] [info] P PAPRIKA_STATE_PREPARING PAPRIKA_DETAILED_STATE_PREPARING_UPDATED_MODE 0
[2021-05-22 15:16:29.492] [info] P PAPRIKA_STATE_PREPARING PAPRIKA_DETAILED_STATE_PREPARING_REQUEST_MODE 0
[2021-05-22 15:16:30.514] [info] P PAPRIKA_STATE_PREPARING PAPRIKA_DETAILED_STATE_PREPARING_UPDATED_MODE 0
[2021-05-22 15:16:30.515] [info] P PAPRIKA_STATE_PREPARING PAPRIKA_DETAILED_STATE_PREPARING_UPDATED_FILE_LIST [ {} ]
[2021-05-22 15:16:31.437] [info] P PAPRIKA_STATE_FINISHED PAPRIKA_DETAILED_STATE_FINISHED_SUCCESS 0
[2021-05-22 15:16:37.630] [info] P PAPRIKA_STATE_PREPARING PAPRIKA_DETAILED_STATE_PREPARING_REQUEST_MODE 0
[2021-05-22 15:16:37.843] [info] P PAPRIKA_STATE_PREPARING PAPRIKA_DETAILED_STATE_PREPARING_UPDATED_MODE 0
[2021-05-22 15:16:37.843] [info] P PAPRIKA_STATE_FINISHED PAPRIKA_DETAILED_STATE_FINISHED_SUCCESS 0
[2021-05-22 15:16:38.164] [info] [event] mainWindow.blur
[2021-05-22 15:16:38.884] [info] P PAPRIKA_STATE_FINISHED PAPRIKA_DETAILED_STATE_FINISHED_SUCCESS 0
[2021-05-22 15:16:48.477] [info] [event] mainWindow.focus
[2021-05-22 15:16:56.749] [info] [event] mainWindow.blur
[2021-05-22 15:16:56.829] [info] [event] mainWindow.focus
[2021-05-22 15:16:57.202] [info] [event] mainWindow.blur
[2021-05-22 15:17:01.275] [info] [event] mainWindow.focus
[2021-05-22 15:17:01.277] [info] [event] mainWindow.blur
[2021-05-22 15:17:01.286] [info] [event] mainWindow.focus
[2021-05-22 15:17:01.288] [info] [event] mainWindow.blur
[2021-05-22 15:17:02.022] [info] [event] mainWindow.focus
[2021-05-22 15:17:02.961] [info] [event] mainWindow.blur
[2021-05-22 15:17:17.461] [info] [event] mainWindow.focus
[2021-05-22 15:17:18.529] [info] [event] mainWindow.webContents.new-window
[2021-05-22 15:17:18.859] [info] [event] mainWindow.blur
[2021-05-22 15:17:19.348] [info] [event] mainWindow.focus
[2021-05-22 15:17:19.349] [info] [event] mainWindow.blur
[2021-05-22 15:17:19.351] [info] [event] mainWindow.focus
[2021-05-22 15:17:19.352] [info] [event] mainWindow.blur
[2021-05-22 15:17:19.377] [info] [event] mainWindow.focus
[2021-05-22 15:17:20.946] [info] [event] mainWindow.close
[2021-05-22 15:17:20.954] [info] [event] mainWindow.closed
[2021-05-22 15:50:11.389] [info] P PAPRIKA_STATE_NOTIFICATION PAPRIKA_DETAILED_STATE_NOTIFICATION_RECEIVE_KEY_REALTIME 8882546165659:ZZBBVK34
[2021-05-22 15:50:12.827] [info] P PAPRIKA_STATE_FINISHED PAPRIKA_DETAILED_STATE_FINISHED_SUCCESS 0
[2021-05-22 15:50:12.840] [info] debug push key added
[2021-05-22 15:50:12.842] [info] debug 627bb608-9e90-4b00-832a-f94947aa936a
[2021-05-22 15:50:12.842] [info] debug with receive
[2021-05-22 15:50:12.844] [info] debug is logged in
[2021-05-22 15:50:13.863] [info] P PAPRIKA_STATE_FINISHED PAPRIKA_DETAILED_STATE_FINISHED_SUCCESS 0
[2021-05-22 15:50:42.639] [info] App starting...
[2021-05-22 15:50:42.642] [info] [event] app.second-instance.
[2021-05-22 15:50:42.642] [info] 0
[2021-05-22 15:50:42.649] [info] [event] app.browser-window-created.
[2021-05-22 15:50:42.757] [info] [event] HandlerManager.onCreateWindow
[2021-05-22 15:50:42.977] [info] [event] mainWindow.webContents.dom-ready
[2021-05-22 15:50:43.694] [info] P PAPRIKA_STATE_FINISHED PAPRIKA_DETAILED_STATE_FINISHED_SUCCESS 0
[2021-05-22 15:50:43.765] [info] debug ## push reset
[2021-05-22 15:50:44.139] [info] P PAPRIKA_STATE_FINISHED PAPRIKA_DETAILED_STATE_FINISHED_CANCEL 0
[2021-05-22 15:50:44.578] [info] P PAPRIKA_STATE_FINISHED PAPRIKA_DETAILED_STATE_FINISHED_SUCCESS 0
[2021-05-22 15:50:44.596] [info] P PAPRIKA_STATE_FINISHED PAPRIKA_DETAILED_STATE_FINISHED_SUCCESS 0
[2021-05-22 15:50:44.720] [info] P PAPRIKA_STATE_PREPARING PAPRIKA_DETAILED_STATE_PREPARING_UPDATED_AUTH_TOKEN 0
[2021-05-22 15:50:44.721] [info] P PAPRIKA_STATE_FINISHED PAPRIKA_DETAILED_STATE_FINISHED_SUCCESS 0
[2021-05-22 15:50:44.737] [info] P PAPRIKA_STATE_NOTIFICATION PAPRIKA_DETAILED_STATE_NOTIFICATION_MYDEVICE_STATE_CHANGED 0
[2021-05-22 15:50:44.766] [info] debug ## push connect
[2021-05-22 15:50:45.695] [info] P PAPRIKA_STATE_FINISHED PAPRIKA_DETAILED_STATE_FINISHED_SUCCESS 0
[2021-05-22 15:50:46.719] [info] P PAPRIKA_STATE_FINISHED PAPRIKA_DETAILED_STATE_FINISHED_SUCCESS 0
[2021-05-22 15:50:47.989] [info] [event] mainWindow.focus
[2021-05-22 15:50:53.068] [info] P PAPRIKA_STATE_PREPARING PAPRIKA_DETAILED_STATE_PREPARING_REQUEST_KEY 0
[2021-05-22 15:50:54.503] [info] P PAPRIKA_STATE_PREPARING PAPRIKA_DETAILED_STATE_PREPARING_UPDATED_KEY 8882546165659:ZZBBVK34
[2021-05-22 15:50:54.504] [info] P PAPRIKA_STATE_PREPARING PAPRIKA_DETAILED_STATE_PREPARING_REQUEST_MODE 0
[2021-05-22 15:50:59.829] [info] P PAPRIKA_STATE_PREPARING PAPRIKA_DETAILED_STATE_PREPARING_UPDATED_MODE 0
[2021-05-22 15:50:59.830] [info] P PAPRIKA_STATE_PREPARING PAPRIKA_DETAILED_STATE_PREPARING_REQUEST_MODE 0
[2021-05-22 15:51:00.860] [info] P PAPRIKA_STATE_PREPARING PAPRIKA_DETAILED_STATE_PREPARING_UPDATED_MODE 0
[2021-05-22 15:51:00.861] [info] P PAPRIKA_STATE_PREPARING PAPRIKA_DETAILED_STATE_PREPARING_REQUEST_MODE 0
[2021-05-22 15:51:01.877] [info] P PAPRIKA_STATE_PREPARING PAPRIKA_DETAILED_STATE_PREPARING_UPDATED_MODE 0
[2021-05-22 15:51:01.878] [info] P PAPRIKA_STATE_PREPARING PAPRIKA_DETAILED_STATE_PREPARING_UPDATED_FILE_LIST [ {}, {}, {}, {} ]
[2021-05-22 15:51:02.415] [info] P PAPRIKA_STATE_PREPARING PAPRIKA_DETAILED_STATE_PREPARING_REQUEST_MODE 0
[2021-05-22 15:51:02.955] [info] P PAPRIKA_STATE_FINISHED PAPRIKA_DETAILED_STATE_FINISHED_SUCCESS 0
[2021-05-22 15:51:03.316] [info] P PAPRIKA_STATE_PREPARING PAPRIKA_DETAILED_STATE_PREPARING_UPDATED_MODE 0
[2021-05-22 15:51:03.317] [info] P PAPRIKA_STATE_FINISHED PAPRIKA_DETAILED_STATE_FINISHED_SUCCESS 0
[2021-05-22 15:51:04.219] [info] P PAPRIKA_STATE_FINISHED PAPRIKA_DETAILED_STATE_FINISHED_SUCCESS 0
[2021-05-22 15:51:08.339] [info] [event] mainWindow.blur
[2021-05-22 15:51:28.156] [info] [event] mainWindow.focus
[2021-05-22 15:51:35.418] [info] [event] app.shortcut-pressed.
[2021-05-22 15:51:38.326] [info] [event] mainWindow.blur
[2021-05-22 15:52:01.506] [info] [event] mainWindow.focus
[2021-05-22 15:52:01.745] [info] [event] app.shortcut-pressed.
[2021-05-22 15:52:01.753] [info] [event] mainWindow.close
[2021-05-22 15:52:01.759] [info] [event] mainWindow.closed
[2021-05-22 16:14:54.970] [info] P PAPRIKA_STATE_FINISHED PAPRIKA_DETAILED_STATE_FINISHED_SUCCESS 0
[2021-05-22 16:48:38.649] [info] [event] app.will-quit.
