00:00:00.422384 VirtualBox GUI VM Selector Window 6.1.22 r144080 linux.amd64 (May 11 2021 19:59:25) release log
00:00:00.422386 Log opened 2021-08-06T10:10:34.956757000Z
00:00:00.422386 Build Type: release
00:00:00.422389 OS Product: Linux
00:00:00.422389 OS Release: 5.9.16-1-MANJARO
00:00:00.422390 OS Version: #1 SMP PREEMPT Mon Dec 21 22:00:46 UTC 2020
00:00:00.422408 DMI Product Name: XPS 13 9310
00:00:00.422414 DMI Product Version: 
00:00:00.422418 Firmware type: UEFI
00:00:00.423552 Secure Boot: Disabled
00:00:00.423595 Host RAM: 15741MB (15.3GB) total, 10247MB (10.0GB) available
00:00:00.423598 Executable: /usr/lib/virtualbox/VirtualBox
00:00:00.423598 Process ID: 18086
00:00:00.423598 Package type: LINUX_64BITS_GENERIC (OSE)
00:00:00.423622 Qt version: 5.15.2
00:00:00.431809 GUI: UIMediumEnumerator: Medium-enumeration started...
00:00:00.431830 GUI: UIMediumEnumerator: Medium-enumeration finished!
00:00:00.933884 GUI: UIDesktopWidgetWatchdog::sltHandleHostScreenAvailableGeometryCalculated: Screen 0 work area is actually resized to: 645x51 x 628x1136
00:00:29.315269 GUI: UIMediumEnumerator: Medium with key={{804ee81e-6c76-43b7-b9fa-6aab6e4b6214}} created
00:00:29.385307 GUI: UIMediumEnumerator: Medium-enumeration finished!
00:00:41.511912 GUI: UIMediumEnumerator: Medium-enumeration finished!
00:00:44.435189 GUI: UIMediumEnumerator: Medium-enumeration finished!
00:00:44.456598 GUI: UIMediumEnumerator: Medium-enumeration finished!
00:01:09.214213 GUI: UIMediumEnumerator: Medium-enumeration finished!
00:01:09.228134 GUI: UIMediumEnumerator: Medium-enumeration finished!
