00:00:00.001348 main     VirtualBox XPCOM Server 6.1.22 r144080 linux.amd64 (May 11 2021 19:59:25) release log
00:00:00.001351 main     Log opened 2021-08-06T10:10:34.777367000Z
00:00:00.001352 main     Build Type: release
00:00:00.001354 main     OS Product: Linux
00:00:00.001355 main     OS Release: 5.9.16-1-MANJARO
00:00:00.001356 main     OS Version: #1 SMP PREEMPT Mon Dec 21 22:00:46 UTC 2020
00:00:00.001380 main     DMI Product Name: XPS 13 9310
00:00:00.001388 main     DMI Product Version: 
00:00:00.001392 main     Firmware type: UEFI
00:00:00.002557 main     Secure Boot: Disabled
00:00:00.002607 main     Host RAM: 15741MB (15.3GB) total, 10248MB (10.0GB) available
00:00:00.002611 main     Executable: /usr/lib/virtualbox/VBoxSVC
00:00:00.002611 main     Process ID: 18115
00:00:00.002612 main     Package type: LINUX_64BITS_GENERIC (OSE)
00:00:00.004756 main     IPC socket path: /tmp/.vbox-taz-ipc/ipcd
00:00:00.115711 nspr-2   VirtualBox: object creation starts
00:00:00.115822 nspr-2   Home directory: '/home/taz/.config/VirtualBox'
00:00:00.116291 nspr-2   Loading settings file "/home/taz/.config/VirtualBox/VirtualBox.xml" with version "1.12-linux"
00:00:00.128693 nspr-2   NetIfAdpCtlOut: VBoxNetAdpCtl: Error while retrieving link speed for wlp0s20f3: VBoxNetAdpCtl: ioctl failed: Operation not supported
00:00:00.129989 nspr-2   HostDnsMonitor: initializing
00:00:00.130473 nspr-2   NAT: resolv.conf: nameserver 8.8.8.8
00:00:00.130493 nspr-2   NAT: resolv.conf: nameserver 8.8.4.4
00:00:00.130506 nspr-2   HostDnsMonitor: updating information
00:00:00.130525 nspr-2   HostDnsMonitor: old information
00:00:00.130528 nspr-2     no server entries
00:00:00.130531 nspr-2     no domain set
00:00:00.130534 nspr-2     no search string entries
00:00:00.130537 nspr-2   HostDnsMonitor: new information
00:00:00.130540 nspr-2     server 1: 8.8.8.8
00:00:00.130543 nspr-2     server 2: 8.8.4.4
00:00:00.130546 nspr-2     no domain set
00:00:00.130549 nspr-2     no search string entries
00:00:00.135179 nspr-2   VD: VDInit finished with VINF_SUCCESS
00:00:00.144601 nspr-2   ERROR [COM]: aRC=NS_ERROR_FAILURE (0x80004005) aIID={85632c68-b5bb-4316-a900-5eb28d3413df} aComponent={MachineWrap} aText={Runtime error opening '/home/taz/VirtualBox VMs/cape_ubuntu20.04-x64/cape_ubuntu20.04-x64.vbox' for reading: -102 (File not found.).
00:00:00.144612 nspr-2   /build/virtualbox/src/VirtualBox-6.1.22/src/VBox/Main/src-server/MachineImpl.cpp[754] (nsresult Machine::i_registeredInit())}, preserve=false aResultDetail=0
00:00:00.144895 nspr-2   ERROR [COM]: aRC=NS_ERROR_FAILURE (0x80004005) aIID={85632c68-b5bb-4316-a900-5eb28d3413df} aComponent={MachineWrap} aText={Runtime error opening '/home/taz/VirtualBox VMs/win10-x64_analysis/win10-x64_analysis.vbox' for reading: -102 (File not found.).
00:00:00.144899 nspr-2   /build/virtualbox/src/VirtualBox-6.1.22/src/VBox/Main/src-server/MachineImpl.cpp[754] (nsresult Machine::i_registeredInit())}, preserve=false aResultDetail=0
00:00:00.145531 nspr-2   VirtualBox: object created
00:00:00.613772 nspr-3   ERROR [COM]: aRC=NS_ERROR_FAILURE (0x80004005) aIID={85632c68-b5bb-4316-a900-5eb28d3413df} aComponent={MachineWrap} aText={Runtime error opening '/home/taz/VirtualBox VMs/cape_ubuntu20.04-x64/cape_ubuntu20.04-x64.vbox' for reading: -102 (File not found.).
00:00:00.613779 nspr-3   /build/virtualbox/src/VirtualBox-6.1.22/src/VBox/Main/src-server/MachineImpl.cpp[754] (nsresult Machine::i_registeredInit())}, preserve=false aResultDetail=0
00:00:00.614037 nspr-3   ERROR [COM]: aRC=NS_ERROR_FAILURE (0x80004005) aIID={85632c68-b5bb-4316-a900-5eb28d3413df} aComponent={MachineWrap} aText={Runtime error opening '/home/taz/VirtualBox VMs/cape_ubuntu20.04-x64/cape_ubuntu20.04-x64.vbox' for reading: -102 (File not found.).
00:00:00.614040 nspr-3   /build/virtualbox/src/VirtualBox-6.1.22/src/VBox/Main/src-server/MachineImpl.cpp[754] (nsresult Machine::i_registeredInit())}, preserve=false aResultDetail=0
00:00:00.614630 nspr-3   ERROR [COM]: aRC=NS_ERROR_FAILURE (0x80004005) aIID={85632c68-b5bb-4316-a900-5eb28d3413df} aComponent={MachineWrap} aText={Runtime error opening '/home/taz/VirtualBox VMs/cape_ubuntu20.04-x64/cape_ubuntu20.04-x64.vbox' for reading: -102 (File not found.).
00:00:00.614632 nspr-3   /build/virtualbox/src/VirtualBox-6.1.22/src/VBox/Main/src-server/MachineImpl.cpp[754] (nsresult Machine::i_registeredInit())}, preserve=false aResultDetail=0
00:00:00.616817 nspr-3   ERROR [COM]: aRC=NS_ERROR_FAILURE (0x80004005) aIID={85632c68-b5bb-4316-a900-5eb28d3413df} aComponent={MachineWrap} aText={Runtime error opening '/home/taz/VirtualBox VMs/win10-x64_analysis/win10-x64_analysis.vbox' for reading: -102 (File not found.).
00:00:00.616819 nspr-3   /build/virtualbox/src/VirtualBox-6.1.22/src/VBox/Main/src-server/MachineImpl.cpp[754] (nsresult Machine::i_registeredInit())}, preserve=false aResultDetail=0
00:00:00.617037 nspr-3   ERROR [COM]: aRC=NS_ERROR_FAILURE (0x80004005) aIID={85632c68-b5bb-4316-a900-5eb28d3413df} aComponent={MachineWrap} aText={Runtime error opening '/home/taz/VirtualBox VMs/win10-x64_analysis/win10-x64_analysis.vbox' for reading: -102 (File not found.).
00:00:00.617038 nspr-3   /build/virtualbox/src/VirtualBox-6.1.22/src/VBox/Main/src-server/MachineImpl.cpp[754] (nsresult Machine::i_registeredInit())}, preserve=false aResultDetail=0
00:00:00.617570 nspr-3   ERROR [COM]: aRC=NS_ERROR_FAILURE (0x80004005) aIID={85632c68-b5bb-4316-a900-5eb28d3413df} aComponent={MachineWrap} aText={Runtime error opening '/home/taz/VirtualBox VMs/win10-x64_analysis/win10-x64_analysis.vbox' for reading: -102 (File not found.).
00:00:00.617572 nspr-3   /build/virtualbox/src/VirtualBox-6.1.22/src/VBox/Main/src-server/MachineImpl.cpp[754] (nsresult Machine::i_registeredInit())}, preserve=false aResultDetail=0
00:00:02.525987 nspr-2   ERROR [COM]: aRC=E_ACCESSDENIED (0x80070005) aIID={85632c68-b5bb-4316-a900-5eb28d3413df} aComponent={MachineWrap} aText={The object functionality is limited}, preserve=false aResultDetail=0
00:00:02.533828 nspr-2   ERROR [COM]: aRC=NS_ERROR_FAILURE (0x80004005) aIID={85632c68-b5bb-4316-a900-5eb28d3413df} aComponent={MachineWrap} aText={Runtime error opening '/home/taz/VirtualBox VMs/win10-x64_analysis/win10-x64_analysis.vbox' for reading: -102 (File not found.).
00:00:02.533838 nspr-2   /build/virtualbox/src/VirtualBox-6.1.22/src/VBox/Main/src-server/MachineImpl.cpp[754] (nsresult Machine::i_registeredInit())}, preserve=false aResultDetail=0
00:00:02.535554 nspr-2   ERROR [COM]: aRC=NS_ERROR_FAILURE (0x80004005) aIID={85632c68-b5bb-4316-a900-5eb28d3413df} aComponent={MachineWrap} aText={Runtime error opening '/home/taz/VirtualBox VMs/win10-x64_analysis/win10-x64_analysis.vbox' for reading: -102 (File not found.).
00:00:02.535558 nspr-2   /build/virtualbox/src/VirtualBox-6.1.22/src/VBox/Main/src-server/MachineImpl.cpp[754] (nsresult Machine::i_registeredInit())}, preserve=false aResultDetail=0
00:00:02.631718 nspr-2   ERROR [COM]: aRC=NS_ERROR_FAILURE (0x80004005) aIID={85632c68-b5bb-4316-a900-5eb28d3413df} aComponent={MachineWrap} aText={Runtime error opening '/home/taz/VirtualBox VMs/win10-x64_analysis/win10-x64_analysis.vbox' for reading: -102 (File not found.).
00:00:02.631726 nspr-2   /build/virtualbox/src/VirtualBox-6.1.22/src/VBox/Main/src-server/MachineImpl.cpp[754] (nsresult Machine::i_registeredInit())}, preserve=false aResultDetail=0
00:00:02.632154 nspr-2   ERROR [COM]: aRC=E_ACCESSDENIED (0x80070005) aIID={85632c68-b5bb-4316-a900-5eb28d3413df} aComponent={MachineWrap} aText={The object functionality is limited}, preserve=false aResultDetail=0
00:00:02.633147 nspr-2   ERROR [COM]: aRC=E_ACCESSDENIED (0x80070005) aIID={85632c68-b5bb-4316-a900-5eb28d3413df} aComponent={MachineWrap} aText={The object functionality is limited}, preserve=false aResultDetail=0
00:00:02.635458 nspr-2   ERROR [COM]: aRC=E_ACCESSDENIED (0x80070005) aIID={85632c68-b5bb-4316-a900-5eb28d3413df} aComponent={MachineWrap} aText={The object functionality is limited}, preserve=false aResultDetail=0
00:00:02.636524 nspr-2   ERROR [COM]: aRC=E_ACCESSDENIED (0x80070005) aIID={85632c68-b5bb-4316-a900-5eb28d3413df} aComponent={MachineWrap} aText={The object functionality is limited}, preserve=false aResultDetail=0
00:00:02.639026 nspr-2   ERROR [COM]: aRC=NS_ERROR_FAILURE (0x80004005) aIID={85632c68-b5bb-4316-a900-5eb28d3413df} aComponent={MachineWrap} aText={Runtime error opening '/home/taz/VirtualBox VMs/win10-x64_analysis/win10-x64_analysis.vbox' for reading: -102 (File not found.).
00:00:02.639029 nspr-2   /build/virtualbox/src/VirtualBox-6.1.22/src/VBox/Main/src-server/MachineImpl.cpp[754] (nsresult Machine::i_registeredInit())}, preserve=false aResultDetail=0
00:00:02.640072 nspr-2   ERROR [COM]: aRC=NS_ERROR_FAILURE (0x80004005) aIID={85632c68-b5bb-4316-a900-5eb28d3413df} aComponent={MachineWrap} aText={Runtime error opening '/home/taz/VirtualBox VMs/win10-x64_analysis/win10-x64_analysis.vbox' for reading: -102 (File not found.).
00:00:02.640074 nspr-2   /build/virtualbox/src/VirtualBox-6.1.22/src/VBox/Main/src-server/MachineImpl.cpp[754] (nsresult Machine::i_registeredInit())}, preserve=false aResultDetail=0
00:00:02.641134 nspr-2   ERROR [COM]: aRC=NS_ERROR_FAILURE (0x80004005) aIID={85632c68-b5bb-4316-a900-5eb28d3413df} aComponent={MachineWrap} aText={Runtime error opening '/home/taz/VirtualBox VMs/win10-x64_analysis/win10-x64_analysis.vbox' for reading: -102 (File not found.).
00:00:02.641135 nspr-2   /build/virtualbox/src/VirtualBox-6.1.22/src/VBox/Main/src-server/MachineImpl.cpp[754] (nsresult Machine::i_registeredInit())}, preserve=false aResultDetail=0
00:00:02.642637 nspr-2   ERROR [COM]: aRC=NS_ERROR_FAILURE (0x80004005) aIID={85632c68-b5bb-4316-a900-5eb28d3413df} aComponent={MachineWrap} aText={Runtime error opening '/home/taz/VirtualBox VMs/win10-x64_analysis/win10-x64_analysis.vbox' for reading: -102 (File not found.).
00:00:02.642639 nspr-2   /build/virtualbox/src/VirtualBox-6.1.22/src/VBox/Main/src-server/MachineImpl.cpp[754] (nsresult Machine::i_registeredInit())}, preserve=false aResultDetail=0
00:00:02.644927 nspr-2   ERROR [COM]: aRC=NS_ERROR_FAILURE (0x80004005) aIID={85632c68-b5bb-4316-a900-5eb28d3413df} aComponent={MachineWrap} aText={Runtime error opening '/home/taz/VirtualBox VMs/win10-x64_analysis/win10-x64_analysis.vbox' for reading: -102 (File not found.).
00:00:02.644929 nspr-2   /build/virtualbox/src/VirtualBox-6.1.22/src/VBox/Main/src-server/MachineImpl.cpp[754] (nsresult Machine::i_registeredInit())}, preserve=false aResultDetail=0
00:00:02.646590 nspr-2   ERROR [COM]: aRC=NS_ERROR_FAILURE (0x80004005) aIID={85632c68-b5bb-4316-a900-5eb28d3413df} aComponent={MachineWrap} aText={Runtime error opening '/home/taz/VirtualBox VMs/win10-x64_analysis/win10-x64_analysis.vbox' for reading: -102 (File not found.).
00:00:02.646591 nspr-2   /build/virtualbox/src/VirtualBox-6.1.22/src/VBox/Main/src-server/MachineImpl.cpp[754] (nsresult Machine::i_registeredInit())}, preserve=false aResultDetail=0
00:00:03.214915 nspr-2   ERROR [COM]: aRC=E_ACCESSDENIED (0x80070005) aIID={85632c68-b5bb-4316-a900-5eb28d3413df} aComponent={MachineWrap} aText={The object functionality is limited}, preserve=false aResultDetail=0
00:00:03.216210 nspr-2   ERROR [COM]: aRC=NS_ERROR_FAILURE (0x80004005) aIID={85632c68-b5bb-4316-a900-5eb28d3413df} aComponent={MachineWrap} aText={Runtime error opening '/home/taz/VirtualBox VMs/cape_ubuntu20.04-x64/cape_ubuntu20.04-x64.vbox' for reading: -102 (File not found.).
00:00:03.216213 nspr-2   /build/virtualbox/src/VirtualBox-6.1.22/src/VBox/Main/src-server/MachineImpl.cpp[754] (nsresult Machine::i_registeredInit())}, preserve=false aResultDetail=0
00:00:03.216854 nspr-2   ERROR [COM]: aRC=NS_ERROR_FAILURE (0x80004005) aIID={85632c68-b5bb-4316-a900-5eb28d3413df} aComponent={MachineWrap} aText={Runtime error opening '/home/taz/VirtualBox VMs/cape_ubuntu20.04-x64/cape_ubuntu20.04-x64.vbox' for reading: -102 (File not found.).
00:00:03.216857 nspr-2   /build/virtualbox/src/VirtualBox-6.1.22/src/VBox/Main/src-server/MachineImpl.cpp[754] (nsresult Machine::i_registeredInit())}, preserve=false aResultDetail=0
00:00:03.217182 nspr-2   ERROR [COM]: aRC=NS_ERROR_FAILURE (0x80004005) aIID={85632c68-b5bb-4316-a900-5eb28d3413df} aComponent={MachineWrap} aText={Runtime error opening '/home/taz/VirtualBox VMs/cape_ubuntu20.04-x64/cape_ubuntu20.04-x64.vbox' for reading: -102 (File not found.).
00:00:03.217184 nspr-2   /build/virtualbox/src/VirtualBox-6.1.22/src/VBox/Main/src-server/MachineImpl.cpp[754] (nsresult Machine::i_registeredInit())}, preserve=false aResultDetail=0
00:00:03.217353 nspr-2   ERROR [COM]: aRC=E_ACCESSDENIED (0x80070005) aIID={85632c68-b5bb-4316-a900-5eb28d3413df} aComponent={MachineWrap} aText={The object functionality is limited}, preserve=false aResultDetail=0
00:00:03.218323 nspr-2   ERROR [COM]: aRC=E_ACCESSDENIED (0x80070005) aIID={85632c68-b5bb-4316-a900-5eb28d3413df} aComponent={MachineWrap} aText={The object functionality is limited}, preserve=false aResultDetail=0
00:00:03.219358 nspr-2   ERROR [COM]: aRC=NS_ERROR_FAILURE (0x80004005) aIID={85632c68-b5bb-4316-a900-5eb28d3413df} aComponent={MachineWrap} aText={Runtime error opening '/home/taz/VirtualBox VMs/cape_ubuntu20.04-x64/cape_ubuntu20.04-x64.vbox' for reading: -102 (File not found.).
00:00:03.219362 nspr-2   /build/virtualbox/src/VirtualBox-6.1.22/src/VBox/Main/src-server/MachineImpl.cpp[754] (nsresult Machine::i_registeredInit())}, preserve=false aResultDetail=0
00:00:03.219647 nspr-2   ERROR [COM]: aRC=NS_ERROR_FAILURE (0x80004005) aIID={85632c68-b5bb-4316-a900-5eb28d3413df} aComponent={MachineWrap} aText={Runtime error opening '/home/taz/VirtualBox VMs/cape_ubuntu20.04-x64/cape_ubuntu20.04-x64.vbox' for reading: -102 (File not found.).
00:00:03.219649 nspr-2   /build/virtualbox/src/VirtualBox-6.1.22/src/VBox/Main/src-server/MachineImpl.cpp[754] (nsresult Machine::i_registeredInit())}, preserve=false aResultDetail=0
00:00:03.219902 nspr-2   ERROR [COM]: aRC=NS_ERROR_FAILURE (0x80004005) aIID={85632c68-b5bb-4316-a900-5eb28d3413df} aComponent={MachineWrap} aText={Runtime error opening '/home/taz/VirtualBox VMs/cape_ubuntu20.04-x64/cape_ubuntu20.04-x64.vbox' for reading: -102 (File not found.).
00:00:03.219904 nspr-2   /build/virtualbox/src/VirtualBox-6.1.22/src/VBox/Main/src-server/MachineImpl.cpp[754] (nsresult Machine::i_registeredInit())}, preserve=false aResultDetail=0
00:00:03.220156 nspr-2   ERROR [COM]: aRC=NS_ERROR_FAILURE (0x80004005) aIID={85632c68-b5bb-4316-a900-5eb28d3413df} aComponent={MachineWrap} aText={Runtime error opening '/home/taz/VirtualBox VMs/cape_ubuntu20.04-x64/cape_ubuntu20.04-x64.vbox' for reading: -102 (File not found.).
00:00:03.220157 nspr-2   /build/virtualbox/src/VirtualBox-6.1.22/src/VBox/Main/src-server/MachineImpl.cpp[754] (nsresult Machine::i_registeredInit())}, preserve=false aResultDetail=0
00:00:03.220408 nspr-2   ERROR [COM]: aRC=NS_ERROR_FAILURE (0x80004005) aIID={85632c68-b5bb-4316-a900-5eb28d3413df} aComponent={MachineWrap} aText={Runtime error opening '/home/taz/VirtualBox VMs/cape_ubuntu20.04-x64/cape_ubuntu20.04-x64.vbox' for reading: -102 (File not found.).
00:00:03.220410 nspr-2   /build/virtualbox/src/VirtualBox-6.1.22/src/VBox/Main/src-server/MachineImpl.cpp[754] (nsresult Machine::i_registeredInit())}, preserve=false aResultDetail=0
00:00:03.220653 nspr-2   ERROR [COM]: aRC=NS_ERROR_FAILURE (0x80004005) aIID={85632c68-b5bb-4316-a900-5eb28d3413df} aComponent={MachineWrap} aText={Runtime error opening '/home/taz/VirtualBox VMs/cape_ubuntu20.04-x64/cape_ubuntu20.04-x64.vbox' for reading: -102 (File not found.).
00:00:03.220655 nspr-2   /build/virtualbox/src/VirtualBox-6.1.22/src/VBox/Main/src-server/MachineImpl.cpp[754] (nsresult Machine::i_registeredInit())}, preserve=false aResultDetail=0
00:00:03.572404 nspr-2   ERROR [COM]: aRC=E_ACCESSDENIED (0x80070005) aIID={85632c68-b5bb-4316-a900-5eb28d3413df} aComponent={MachineWrap} aText={The object functionality is limited}, preserve=false aResultDetail=0
00:00:03.573915 nspr-2   ERROR [COM]: aRC=NS_ERROR_FAILURE (0x80004005) aIID={85632c68-b5bb-4316-a900-5eb28d3413df} aComponent={MachineWrap} aText={Runtime error opening '/home/taz/VirtualBox VMs/win10-x64_analysis/win10-x64_analysis.vbox' for reading: -102 (File not found.).
00:00:03.573919 nspr-2   /build/virtualbox/src/VirtualBox-6.1.22/src/VBox/Main/src-server/MachineImpl.cpp[754] (nsresult Machine::i_registeredInit())}, preserve=false aResultDetail=0
00:00:03.574594 nspr-2   ERROR [COM]: aRC=NS_ERROR_FAILURE (0x80004005) aIID={85632c68-b5bb-4316-a900-5eb28d3413df} aComponent={MachineWrap} aText={Runtime error opening '/home/taz/VirtualBox VMs/win10-x64_analysis/win10-x64_analysis.vbox' for reading: -102 (File not found.).
00:00:03.574598 nspr-2   /build/virtualbox/src/VirtualBox-6.1.22/src/VBox/Main/src-server/MachineImpl.cpp[754] (nsresult Machine::i_registeredInit())}, preserve=false aResultDetail=0
00:00:03.574904 nspr-2   ERROR [COM]: aRC=NS_ERROR_FAILURE (0x80004005) aIID={85632c68-b5bb-4316-a900-5eb28d3413df} aComponent={MachineWrap} aText={Runtime error opening '/home/taz/VirtualBox VMs/win10-x64_analysis/win10-x64_analysis.vbox' for reading: -102 (File not found.).
00:00:03.574909 nspr-2   /build/virtualbox/src/VirtualBox-6.1.22/src/VBox/Main/src-server/MachineImpl.cpp[754] (nsresult Machine::i_registeredInit())}, preserve=false aResultDetail=0
00:00:03.575061 nspr-2   ERROR [COM]: aRC=E_ACCESSDENIED (0x80070005) aIID={85632c68-b5bb-4316-a900-5eb28d3413df} aComponent={MachineWrap} aText={The object functionality is limited}, preserve=false aResultDetail=0
00:00:03.575877 nspr-2   ERROR [COM]: aRC=E_ACCESSDENIED (0x80070005) aIID={85632c68-b5bb-4316-a900-5eb28d3413df} aComponent={MachineWrap} aText={The object functionality is limited}, preserve=false aResultDetail=0
00:00:03.576778 nspr-2   ERROR [COM]: aRC=NS_ERROR_FAILURE (0x80004005) aIID={85632c68-b5bb-4316-a900-5eb28d3413df} aComponent={MachineWrap} aText={Runtime error opening '/home/taz/VirtualBox VMs/win10-x64_analysis/win10-x64_analysis.vbox' for reading: -102 (File not found.).
00:00:03.576780 nspr-2   /build/virtualbox/src/VirtualBox-6.1.22/src/VBox/Main/src-server/MachineImpl.cpp[754] (nsresult Machine::i_registeredInit())}, preserve=false aResultDetail=0
00:00:03.577035 nspr-2   ERROR [COM]: aRC=NS_ERROR_FAILURE (0x80004005) aIID={85632c68-b5bb-4316-a900-5eb28d3413df} aComponent={MachineWrap} aText={Runtime error opening '/home/taz/VirtualBox VMs/win10-x64_analysis/win10-x64_analysis.vbox' for reading: -102 (File not found.).
00:00:03.577036 nspr-2   /build/virtualbox/src/VirtualBox-6.1.22/src/VBox/Main/src-server/MachineImpl.cpp[754] (nsresult Machine::i_registeredInit())}, preserve=false aResultDetail=0
00:00:03.577267 nspr-2   ERROR [COM]: aRC=NS_ERROR_FAILURE (0x80004005) aIID={85632c68-b5bb-4316-a900-5eb28d3413df} aComponent={MachineWrap} aText={Runtime error opening '/home/taz/VirtualBox VMs/win10-x64_analysis/win10-x64_analysis.vbox' for reading: -102 (File not found.).
00:00:03.577269 nspr-2   /build/virtualbox/src/VirtualBox-6.1.22/src/VBox/Main/src-server/MachineImpl.cpp[754] (nsresult Machine::i_registeredInit())}, preserve=false aResultDetail=0
00:00:03.577496 nspr-2   ERROR [COM]: aRC=NS_ERROR_FAILURE (0x80004005) aIID={85632c68-b5bb-4316-a900-5eb28d3413df} aComponent={MachineWrap} aText={Runtime error opening '/home/taz/VirtualBox VMs/win10-x64_analysis/win10-x64_analysis.vbox' for reading: -102 (File not found.).
00:00:03.577497 nspr-2   /build/virtualbox/src/VirtualBox-6.1.22/src/VBox/Main/src-server/MachineImpl.cpp[754] (nsresult Machine::i_registeredInit())}, preserve=false aResultDetail=0
00:00:03.577722 nspr-2   ERROR [COM]: aRC=NS_ERROR_FAILURE (0x80004005) aIID={85632c68-b5bb-4316-a900-5eb28d3413df} aComponent={MachineWrap} aText={Runtime error opening '/home/taz/VirtualBox VMs/win10-x64_analysis/win10-x64_analysis.vbox' for reading: -102 (File not found.).
00:00:03.577724 nspr-2   /build/virtualbox/src/VirtualBox-6.1.22/src/VBox/Main/src-server/MachineImpl.cpp[754] (nsresult Machine::i_registeredInit())}, preserve=false aResultDetail=0
00:00:03.577949 nspr-2   ERROR [COM]: aRC=NS_ERROR_FAILURE (0x80004005) aIID={85632c68-b5bb-4316-a900-5eb28d3413df} aComponent={MachineWrap} aText={Runtime error opening '/home/taz/VirtualBox VMs/win10-x64_analysis/win10-x64_analysis.vbox' for reading: -102 (File not found.).
00:00:03.577951 nspr-2   /build/virtualbox/src/VirtualBox-6.1.22/src/VBox/Main/src-server/MachineImpl.cpp[754] (nsresult Machine::i_registeredInit())}, preserve=false aResultDetail=0
00:00:04.043342 nspr-3   ERROR [COM]: aRC=E_ACCESSDENIED (0x80070005) aIID={85632c68-b5bb-4316-a900-5eb28d3413df} aComponent={MachineWrap} aText={The object functionality is limited}, preserve=false aResultDetail=0
00:00:04.045236 nspr-3   ERROR [COM]: aRC=NS_ERROR_FAILURE (0x80004005) aIID={85632c68-b5bb-4316-a900-5eb28d3413df} aComponent={MachineWrap} aText={Runtime error opening '/home/taz/VirtualBox VMs/cape_ubuntu20.04-x64/cape_ubuntu20.04-x64.vbox' for reading: -102 (File not found.).
00:00:04.045240 nspr-3   /build/virtualbox/src/VirtualBox-6.1.22/src/VBox/Main/src-server/MachineImpl.cpp[754] (nsresult Machine::i_registeredInit())}, preserve=false aResultDetail=0
00:00:04.045585 nspr-3   ERROR [COM]: aRC=NS_ERROR_FAILURE (0x80004005) aIID={85632c68-b5bb-4316-a900-5eb28d3413df} aComponent={MachineWrap} aText={Runtime error opening '/home/taz/VirtualBox VMs/cape_ubuntu20.04-x64/cape_ubuntu20.04-x64.vbox' for reading: -102 (File not found.).
00:00:04.045587 nspr-3   /build/virtualbox/src/VirtualBox-6.1.22/src/VBox/Main/src-server/MachineImpl.cpp[754] (nsresult Machine::i_registeredInit())}, preserve=false aResultDetail=0
00:00:04.045872 nspr-3   ERROR [COM]: aRC=NS_ERROR_FAILURE (0x80004005) aIID={85632c68-b5bb-4316-a900-5eb28d3413df} aComponent={MachineWrap} aText={Runtime error opening '/home/taz/VirtualBox VMs/cape_ubuntu20.04-x64/cape_ubuntu20.04-x64.vbox' for reading: -102 (File not found.).
00:00:04.045874 nspr-3   /build/virtualbox/src/VirtualBox-6.1.22/src/VBox/Main/src-server/MachineImpl.cpp[754] (nsresult Machine::i_registeredInit())}, preserve=false aResultDetail=0
00:00:04.046031 nspr-3   ERROR [COM]: aRC=E_ACCESSDENIED (0x80070005) aIID={85632c68-b5bb-4316-a900-5eb28d3413df} aComponent={MachineWrap} aText={The object functionality is limited}, preserve=false aResultDetail=0
00:00:04.046652 nspr-3   ERROR [COM]: aRC=E_ACCESSDENIED (0x80070005) aIID={85632c68-b5bb-4316-a900-5eb28d3413df} aComponent={MachineWrap} aText={The object functionality is limited}, preserve=false aResultDetail=0
00:00:04.047490 nspr-3   ERROR [COM]: aRC=NS_ERROR_FAILURE (0x80004005) aIID={85632c68-b5bb-4316-a900-5eb28d3413df} aComponent={MachineWrap} aText={Runtime error opening '/home/taz/VirtualBox VMs/cape_ubuntu20.04-x64/cape_ubuntu20.04-x64.vbox' for reading: -102 (File not found.).
00:00:04.047492 nspr-3   /build/virtualbox/src/VirtualBox-6.1.22/src/VBox/Main/src-server/MachineImpl.cpp[754] (nsresult Machine::i_registeredInit())}, preserve=false aResultDetail=0
00:00:04.047734 nspr-3   ERROR [COM]: aRC=NS_ERROR_FAILURE (0x80004005) aIID={85632c68-b5bb-4316-a900-5eb28d3413df} aComponent={MachineWrap} aText={Runtime error opening '/home/taz/VirtualBox VMs/cape_ubuntu20.04-x64/cape_ubuntu20.04-x64.vbox' for reading: -102 (File not found.).
00:00:04.047735 nspr-3   /build/virtualbox/src/VirtualBox-6.1.22/src/VBox/Main/src-server/MachineImpl.cpp[754] (nsresult Machine::i_registeredInit())}, preserve=false aResultDetail=0
00:00:04.047959 nspr-3   ERROR [COM]: aRC=NS_ERROR_FAILURE (0x80004005) aIID={85632c68-b5bb-4316-a900-5eb28d3413df} aComponent={MachineWrap} aText={Runtime error opening '/home/taz/VirtualBox VMs/cape_ubuntu20.04-x64/cape_ubuntu20.04-x64.vbox' for reading: -102 (File not found.).
00:00:04.047961 nspr-3   /build/virtualbox/src/VirtualBox-6.1.22/src/VBox/Main/src-server/MachineImpl.cpp[754] (nsresult Machine::i_registeredInit())}, preserve=false aResultDetail=0
00:00:04.048176 nspr-3   ERROR [COM]: aRC=NS_ERROR_FAILURE (0x80004005) aIID={85632c68-b5bb-4316-a900-5eb28d3413df} aComponent={MachineWrap} aText={Runtime error opening '/home/taz/VirtualBox VMs/cape_ubuntu20.04-x64/cape_ubuntu20.04-x64.vbox' for reading: -102 (File not found.).
00:00:04.048177 nspr-3   /build/virtualbox/src/VirtualBox-6.1.22/src/VBox/Main/src-server/MachineImpl.cpp[754] (nsresult Machine::i_registeredInit())}, preserve=false aResultDetail=0
00:00:04.048393 nspr-3   ERROR [COM]: aRC=NS_ERROR_FAILURE (0x80004005) aIID={85632c68-b5bb-4316-a900-5eb28d3413df} aComponent={MachineWrap} aText={Runtime error opening '/home/taz/VirtualBox VMs/cape_ubuntu20.04-x64/cape_ubuntu20.04-x64.vbox' for reading: -102 (File not found.).
00:00:04.048394 nspr-3   /build/virtualbox/src/VirtualBox-6.1.22/src/VBox/Main/src-server/MachineImpl.cpp[754] (nsresult Machine::i_registeredInit())}, preserve=false aResultDetail=0
00:00:04.048631 nspr-3   ERROR [COM]: aRC=NS_ERROR_FAILURE (0x80004005) aIID={85632c68-b5bb-4316-a900-5eb28d3413df} aComponent={MachineWrap} aText={Runtime error opening '/home/taz/VirtualBox VMs/cape_ubuntu20.04-x64/cape_ubuntu20.04-x64.vbox' for reading: -102 (File not found.).
00:00:04.048632 nspr-3   /build/virtualbox/src/VirtualBox-6.1.22/src/VBox/Main/src-server/MachineImpl.cpp[754] (nsresult Machine::i_registeredInit())}, preserve=false aResultDetail=0
00:00:04.338228 nspr-2   ERROR [COM]: aRC=E_ACCESSDENIED (0x80070005) aIID={85632c68-b5bb-4316-a900-5eb28d3413df} aComponent={MachineWrap} aText={The object functionality is limited}, preserve=false aResultDetail=0
00:00:04.339621 nspr-2   ERROR [COM]: aRC=NS_ERROR_FAILURE (0x80004005) aIID={85632c68-b5bb-4316-a900-5eb28d3413df} aComponent={MachineWrap} aText={Runtime error opening '/home/taz/VirtualBox VMs/win10-x64_analysis/win10-x64_analysis.vbox' for reading: -102 (File not found.).
00:00:04.339627 nspr-2   /build/virtualbox/src/VirtualBox-6.1.22/src/VBox/Main/src-server/MachineImpl.cpp[754] (nsresult Machine::i_registeredInit())}, preserve=false aResultDetail=0
00:00:04.340354 nspr-2   ERROR [COM]: aRC=NS_ERROR_FAILURE (0x80004005) aIID={85632c68-b5bb-4316-a900-5eb28d3413df} aComponent={MachineWrap} aText={Runtime error opening '/home/taz/VirtualBox VMs/win10-x64_analysis/win10-x64_analysis.vbox' for reading: -102 (File not found.).
00:00:04.340358 nspr-2   /build/virtualbox/src/VirtualBox-6.1.22/src/VBox/Main/src-server/MachineImpl.cpp[754] (nsresult Machine::i_registeredInit())}, preserve=false aResultDetail=0
00:00:04.340753 nspr-2   ERROR [COM]: aRC=NS_ERROR_FAILURE (0x80004005) aIID={85632c68-b5bb-4316-a900-5eb28d3413df} aComponent={MachineWrap} aText={Runtime error opening '/home/taz/VirtualBox VMs/win10-x64_analysis/win10-x64_analysis.vbox' for reading: -102 (File not found.).
00:00:04.340757 nspr-2   /build/virtualbox/src/VirtualBox-6.1.22/src/VBox/Main/src-server/MachineImpl.cpp[754] (nsresult Machine::i_registeredInit())}, preserve=false aResultDetail=0
00:00:04.340945 nspr-2   ERROR [COM]: aRC=E_ACCESSDENIED (0x80070005) aIID={85632c68-b5bb-4316-a900-5eb28d3413df} aComponent={MachineWrap} aText={The object functionality is limited}, preserve=false aResultDetail=0
00:00:04.342030 nspr-2   ERROR [COM]: aRC=E_ACCESSDENIED (0x80070005) aIID={85632c68-b5bb-4316-a900-5eb28d3413df} aComponent={MachineWrap} aText={The object functionality is limited}, preserve=false aResultDetail=0
00:00:04.343225 nspr-2   ERROR [COM]: aRC=NS_ERROR_FAILURE (0x80004005) aIID={85632c68-b5bb-4316-a900-5eb28d3413df} aComponent={MachineWrap} aText={Runtime error opening '/home/taz/VirtualBox VMs/win10-x64_analysis/win10-x64_analysis.vbox' for reading: -102 (File not found.).
00:00:04.343227 nspr-2   /build/virtualbox/src/VirtualBox-6.1.22/src/VBox/Main/src-server/MachineImpl.cpp[754] (nsresult Machine::i_registeredInit())}, preserve=false aResultDetail=0
00:00:04.343624 nspr-2   ERROR [COM]: aRC=NS_ERROR_FAILURE (0x80004005) aIID={85632c68-b5bb-4316-a900-5eb28d3413df} aComponent={MachineWrap} aText={Runtime error opening '/home/taz/VirtualBox VMs/win10-x64_analysis/win10-x64_analysis.vbox' for reading: -102 (File not found.).
00:00:04.343629 nspr-2   /build/virtualbox/src/VirtualBox-6.1.22/src/VBox/Main/src-server/MachineImpl.cpp[754] (nsresult Machine::i_registeredInit())}, preserve=false aResultDetail=0
00:00:04.344796 nspr-2   ERROR [COM]: aRC=NS_ERROR_FAILURE (0x80004005) aIID={85632c68-b5bb-4316-a900-5eb28d3413df} aComponent={MachineWrap} aText={Runtime error opening '/home/taz/VirtualBox VMs/win10-x64_analysis/win10-x64_analysis.vbox' for reading: -102 (File not found.).
00:00:04.344798 nspr-2   /build/virtualbox/src/VirtualBox-6.1.22/src/VBox/Main/src-server/MachineImpl.cpp[754] (nsresult Machine::i_registeredInit())}, preserve=false aResultDetail=0
00:00:04.345209 nspr-2   ERROR [COM]: aRC=NS_ERROR_FAILURE (0x80004005) aIID={85632c68-b5bb-4316-a900-5eb28d3413df} aComponent={MachineWrap} aText={Runtime error opening '/home/taz/VirtualBox VMs/win10-x64_analysis/win10-x64_analysis.vbox' for reading: -102 (File not found.).
00:00:04.345213 nspr-2   /build/virtualbox/src/VirtualBox-6.1.22/src/VBox/Main/src-server/MachineImpl.cpp[754] (nsresult Machine::i_registeredInit())}, preserve=false aResultDetail=0
00:00:04.345518 nspr-2   ERROR [COM]: aRC=NS_ERROR_FAILURE (0x80004005) aIID={85632c68-b5bb-4316-a900-5eb28d3413df} aComponent={MachineWrap} aText={Runtime error opening '/home/taz/VirtualBox VMs/win10-x64_analysis/win10-x64_analysis.vbox' for reading: -102 (File not found.).
00:00:04.345520 nspr-2   /build/virtualbox/src/VirtualBox-6.1.22/src/VBox/Main/src-server/MachineImpl.cpp[754] (nsresult Machine::i_registeredInit())}, preserve=false aResultDetail=0
00:00:04.345783 nspr-2   ERROR [COM]: aRC=NS_ERROR_FAILURE (0x80004005) aIID={85632c68-b5bb-4316-a900-5eb28d3413df} aComponent={MachineWrap} aText={Runtime error opening '/home/taz/VirtualBox VMs/win10-x64_analysis/win10-x64_analysis.vbox' for reading: -102 (File not found.).
00:00:04.345785 nspr-2   /build/virtualbox/src/VirtualBox-6.1.22/src/VBox/Main/src-server/MachineImpl.cpp[754] (nsresult Machine::i_registeredInit())}, preserve=false aResultDetail=0
00:00:05.445946 nspr-2   ERROR [COM]: aRC=E_ACCESSDENIED (0x80070005) aIID={85632c68-b5bb-4316-a900-5eb28d3413df} aComponent={MachineWrap} aText={The object functionality is limited}, preserve=false aResultDetail=0
00:00:05.447052 nspr-2   ERROR [COM]: aRC=NS_ERROR_FAILURE (0x80004005) aIID={85632c68-b5bb-4316-a900-5eb28d3413df} aComponent={MachineWrap} aText={Runtime error opening '/home/taz/VirtualBox VMs/cape_ubuntu20.04-x64/cape_ubuntu20.04-x64.vbox' for reading: -102 (File not found.).
00:00:05.447056 nspr-2   /build/virtualbox/src/VirtualBox-6.1.22/src/VBox/Main/src-server/MachineImpl.cpp[754] (nsresult Machine::i_registeredInit())}, preserve=false aResultDetail=0
00:00:05.447622 nspr-2   ERROR [COM]: aRC=NS_ERROR_FAILURE (0x80004005) aIID={85632c68-b5bb-4316-a900-5eb28d3413df} aComponent={MachineWrap} aText={Runtime error opening '/home/taz/VirtualBox VMs/cape_ubuntu20.04-x64/cape_ubuntu20.04-x64.vbox' for reading: -102 (File not found.).
00:00:05.447625 nspr-2   /build/virtualbox/src/VirtualBox-6.1.22/src/VBox/Main/src-server/MachineImpl.cpp[754] (nsresult Machine::i_registeredInit())}, preserve=false aResultDetail=0
00:00:05.447885 nspr-2   ERROR [COM]: aRC=NS_ERROR_FAILURE (0x80004005) aIID={85632c68-b5bb-4316-a900-5eb28d3413df} aComponent={MachineWrap} aText={Runtime error opening '/home/taz/VirtualBox VMs/cape_ubuntu20.04-x64/cape_ubuntu20.04-x64.vbox' for reading: -102 (File not found.).
00:00:05.447888 nspr-2   /build/virtualbox/src/VirtualBox-6.1.22/src/VBox/Main/src-server/MachineImpl.cpp[754] (nsresult Machine::i_registeredInit())}, preserve=false aResultDetail=0
00:00:05.448056 nspr-2   ERROR [COM]: aRC=E_ACCESSDENIED (0x80070005) aIID={85632c68-b5bb-4316-a900-5eb28d3413df} aComponent={MachineWrap} aText={The object functionality is limited}, preserve=false aResultDetail=0
00:00:05.448984 nspr-2   ERROR [COM]: aRC=E_ACCESSDENIED (0x80070005) aIID={85632c68-b5bb-4316-a900-5eb28d3413df} aComponent={MachineWrap} aText={The object functionality is limited}, preserve=false aResultDetail=0
00:00:05.449998 nspr-2   ERROR [COM]: aRC=NS_ERROR_FAILURE (0x80004005) aIID={85632c68-b5bb-4316-a900-5eb28d3413df} aComponent={MachineWrap} aText={Runtime error opening '/home/taz/VirtualBox VMs/cape_ubuntu20.04-x64/cape_ubuntu20.04-x64.vbox' for reading: -102 (File not found.).
00:00:05.450000 nspr-2   /build/virtualbox/src/VirtualBox-6.1.22/src/VBox/Main/src-server/MachineImpl.cpp[754] (nsresult Machine::i_registeredInit())}, preserve=false aResultDetail=0
00:00:05.450305 nspr-2   ERROR [COM]: aRC=NS_ERROR_FAILURE (0x80004005) aIID={85632c68-b5bb-4316-a900-5eb28d3413df} aComponent={MachineWrap} aText={Runtime error opening '/home/taz/VirtualBox VMs/cape_ubuntu20.04-x64/cape_ubuntu20.04-x64.vbox' for reading: -102 (File not found.).
00:00:05.450307 nspr-2   /build/virtualbox/src/VirtualBox-6.1.22/src/VBox/Main/src-server/MachineImpl.cpp[754] (nsresult Machine::i_registeredInit())}, preserve=false aResultDetail=0
00:00:05.450582 nspr-2   ERROR [COM]: aRC=NS_ERROR_FAILURE (0x80004005) aIID={85632c68-b5bb-4316-a900-5eb28d3413df} aComponent={MachineWrap} aText={Runtime error opening '/home/taz/VirtualBox VMs/cape_ubuntu20.04-x64/cape_ubuntu20.04-x64.vbox' for reading: -102 (File not found.).
00:00:05.450584 nspr-2   /build/virtualbox/src/VirtualBox-6.1.22/src/VBox/Main/src-server/MachineImpl.cpp[754] (nsresult Machine::i_registeredInit())}, preserve=false aResultDetail=0
00:00:05.450838 nspr-2   ERROR [COM]: aRC=NS_ERROR_FAILURE (0x80004005) aIID={85632c68-b5bb-4316-a900-5eb28d3413df} aComponent={MachineWrap} aText={Runtime error opening '/home/taz/VirtualBox VMs/cape_ubuntu20.04-x64/cape_ubuntu20.04-x64.vbox' for reading: -102 (File not found.).
00:00:05.450840 nspr-2   /build/virtualbox/src/VirtualBox-6.1.22/src/VBox/Main/src-server/MachineImpl.cpp[754] (nsresult Machine::i_registeredInit())}, preserve=false aResultDetail=0
00:00:05.451094 nspr-2   ERROR [COM]: aRC=NS_ERROR_FAILURE (0x80004005) aIID={85632c68-b5bb-4316-a900-5eb28d3413df} aComponent={MachineWrap} aText={Runtime error opening '/home/taz/VirtualBox VMs/cape_ubuntu20.04-x64/cape_ubuntu20.04-x64.vbox' for reading: -102 (File not found.).
00:00:05.451095 nspr-2   /build/virtualbox/src/VirtualBox-6.1.22/src/VBox/Main/src-server/MachineImpl.cpp[754] (nsresult Machine::i_registeredInit())}, preserve=false aResultDetail=0
00:00:05.451347 nspr-2   ERROR [COM]: aRC=NS_ERROR_FAILURE (0x80004005) aIID={85632c68-b5bb-4316-a900-5eb28d3413df} aComponent={MachineWrap} aText={Runtime error opening '/home/taz/VirtualBox VMs/cape_ubuntu20.04-x64/cape_ubuntu20.04-x64.vbox' for reading: -102 (File not found.).
00:00:05.451348 nspr-2   /build/virtualbox/src/VirtualBox-6.1.22/src/VBox/Main/src-server/MachineImpl.cpp[754] (nsresult Machine::i_registeredInit())}, preserve=false aResultDetail=0
00:00:05.926428 nspr-2   ERROR [COM]: aRC=E_ACCESSDENIED (0x80070005) aIID={85632c68-b5bb-4316-a900-5eb28d3413df} aComponent={MachineWrap} aText={The object functionality is limited}, preserve=false aResultDetail=0
00:00:05.927819 nspr-2   ERROR [COM]: aRC=NS_ERROR_FAILURE (0x80004005) aIID={85632c68-b5bb-4316-a900-5eb28d3413df} aComponent={MachineWrap} aText={Runtime error opening '/home/taz/VirtualBox VMs/cape_ubuntu20.04-x64/cape_ubuntu20.04-x64.vbox' for reading: -102 (File not found.).
00:00:05.927824 nspr-2   /build/virtualbox/src/VirtualBox-6.1.22/src/VBox/Main/src-server/MachineImpl.cpp[754] (nsresult Machine::i_registeredInit())}, preserve=false aResultDetail=0
00:00:05.928110 nspr-2   ERROR [COM]: aRC=NS_ERROR_FAILURE (0x80004005) aIID={85632c68-b5bb-4316-a900-5eb28d3413df} aComponent={MachineWrap} aText={Runtime error opening '/home/taz/VirtualBox VMs/cape_ubuntu20.04-x64/cape_ubuntu20.04-x64.vbox' for reading: -102 (File not found.).
00:00:05.928112 nspr-2   /build/virtualbox/src/VirtualBox-6.1.22/src/VBox/Main/src-server/MachineImpl.cpp[754] (nsresult Machine::i_registeredInit())}, preserve=false aResultDetail=0
00:00:05.928342 nspr-2   ERROR [COM]: aRC=NS_ERROR_FAILURE (0x80004005) aIID={85632c68-b5bb-4316-a900-5eb28d3413df} aComponent={MachineWrap} aText={Runtime error opening '/home/taz/VirtualBox VMs/cape_ubuntu20.04-x64/cape_ubuntu20.04-x64.vbox' for reading: -102 (File not found.).
00:00:05.928344 nspr-2   /build/virtualbox/src/VirtualBox-6.1.22/src/VBox/Main/src-server/MachineImpl.cpp[754] (nsresult Machine::i_registeredInit())}, preserve=false aResultDetail=0
00:00:05.928504 nspr-2   ERROR [COM]: aRC=E_ACCESSDENIED (0x80070005) aIID={85632c68-b5bb-4316-a900-5eb28d3413df} aComponent={MachineWrap} aText={The object functionality is limited}, preserve=false aResultDetail=0
00:00:05.929318 nspr-2   ERROR [COM]: aRC=E_ACCESSDENIED (0x80070005) aIID={85632c68-b5bb-4316-a900-5eb28d3413df} aComponent={MachineWrap} aText={The object functionality is limited}, preserve=false aResultDetail=0
00:00:05.930381 nspr-2   ERROR [COM]: aRC=E_ACCESSDENIED (0x80070005) aIID={85632c68-b5bb-4316-a900-5eb28d3413df} aComponent={MachineWrap} aText={The object functionality is limited}, preserve=false aResultDetail=0
00:00:05.931350 nspr-2   ERROR [COM]: aRC=NS_ERROR_FAILURE (0x80004005) aIID={85632c68-b5bb-4316-a900-5eb28d3413df} aComponent={MachineWrap} aText={Runtime error opening '/home/taz/VirtualBox VMs/win10-x64_analysis/win10-x64_analysis.vbox' for reading: -102 (File not found.).
00:00:05.931352 nspr-2   /build/virtualbox/src/VirtualBox-6.1.22/src/VBox/Main/src-server/MachineImpl.cpp[754] (nsresult Machine::i_registeredInit())}, preserve=false aResultDetail=0
00:00:05.934110 nspr-2   ERROR [COM]: aRC=NS_ERROR_FAILURE (0x80004005) aIID={85632c68-b5bb-4316-a900-5eb28d3413df} aComponent={MachineWrap} aText={Runtime error opening '/home/taz/VirtualBox VMs/win10-x64_analysis/win10-x64_analysis.vbox' for reading: -102 (File not found.).
00:00:05.934114 nspr-2   /build/virtualbox/src/VirtualBox-6.1.22/src/VBox/Main/src-server/MachineImpl.cpp[754] (nsresult Machine::i_registeredInit())}, preserve=false aResultDetail=0
00:00:06.055049 nspr-2   ERROR [COM]: aRC=NS_ERROR_FAILURE (0x80004005) aIID={85632c68-b5bb-4316-a900-5eb28d3413df} aComponent={MachineWrap} aText={Runtime error opening '/home/taz/VirtualBox VMs/win10-x64_analysis/win10-x64_analysis.vbox' for reading: -102 (File not found.).
00:00:06.055058 nspr-2   /build/virtualbox/src/VirtualBox-6.1.22/src/VBox/Main/src-server/MachineImpl.cpp[754] (nsresult Machine::i_registeredInit())}, preserve=false aResultDetail=0
00:00:06.055438 nspr-2   ERROR [COM]: aRC=E_ACCESSDENIED (0x80070005) aIID={85632c68-b5bb-4316-a900-5eb28d3413df} aComponent={MachineWrap} aText={The object functionality is limited}, preserve=false aResultDetail=0
00:00:06.056817 nspr-2   ERROR [COM]: aRC=E_ACCESSDENIED (0x80070005) aIID={85632c68-b5bb-4316-a900-5eb28d3413df} aComponent={MachineWrap} aText={The object functionality is limited}, preserve=false aResultDetail=0
00:00:06.058378 nspr-2   ERROR [COM]: aRC=E_ACCESSDENIED (0x80070005) aIID={85632c68-b5bb-4316-a900-5eb28d3413df} aComponent={MachineWrap} aText={The object functionality is limited}, preserve=false aResultDetail=0
00:00:06.059434 nspr-2   ERROR [COM]: aRC=E_ACCESSDENIED (0x80070005) aIID={85632c68-b5bb-4316-a900-5eb28d3413df} aComponent={MachineWrap} aText={The object functionality is limited}, preserve=false aResultDetail=0
00:00:07.387861 nspr-2   ERROR [COM]: aRC=NS_ERROR_FAILURE (0x80004005) aIID={85632c68-b5bb-4316-a900-5eb28d3413df} aComponent={MachineWrap} aText={Runtime error opening '/home/taz/VirtualBox VMs/cape_ubuntu20.04-x64/cape_ubuntu20.04-x64.vbox' for reading: -102 (File not found.).
00:00:07.387871 nspr-2   /build/virtualbox/src/VirtualBox-6.1.22/src/VBox/Main/src-server/MachineImpl.cpp[754] (nsresult Machine::i_registeredInit())}, preserve=false aResultDetail=0
00:00:07.388614 nspr-2   ERROR [COM]: aRC=NS_ERROR_FAILURE (0x80004005) aIID={85632c68-b5bb-4316-a900-5eb28d3413df} aComponent={MachineWrap} aText={Runtime error opening '/home/taz/VirtualBox VMs/win10-x64_analysis/win10-x64_analysis.vbox' for reading: -102 (File not found.).
00:00:07.388621 nspr-2   /build/virtualbox/src/VirtualBox-6.1.22/src/VBox/Main/src-server/MachineImpl.cpp[754] (nsresult Machine::i_registeredInit())}, preserve=false aResultDetail=0
00:00:09.759537 nspr-3   Saving settings file "/home/taz/.config/VirtualBox/VirtualBox.xml" with version "1.12-linux"
00:00:09.761703 nspr-3   Saving settings file "/home/taz/.config/VirtualBox/VirtualBox.xml" with version "1.12-linux"
00:00:28.559366 createBase Saving settings file "/home/taz/.config/VirtualBox/VirtualBox.xml" with version "1.12-linux"
00:00:29.087872 nspr-2   Saving settings file "/home/taz/VirtualBox VMs/ctf_ubuntu/ctf_ubuntu.vbox" with version "1.16-linux"
00:00:29.089735 nspr-3   WARNING [COM]: aRC=NS_ERROR_FAILURE (0x80004005) aIID={16ced992-5fdc-4aba-aff5-6a39bbd7c38b} aComponent={HostWrap} aText={VirtualBox is not currently allowed to access USB devices.  You can change this by adding your user to the 'vboxusers' group.  Please see the user manual for a more detailed explanation}, preserve=true  aResultDetail=0
00:00:29.090392 nspr-3   Saving settings file "/home/taz/VirtualBox VMs/ctf_ubuntu/ctf_ubuntu.vbox" with version "1.16-linux"
00:00:29.092067 nspr-3   Saving settings file "/home/taz/.config/VirtualBox/VirtualBox.xml" with version "1.12-linux"
00:00:29.095491 nspr-2   Saving settings file "/home/taz/.config/VirtualBox/VirtualBox.xml" with version "1.12-linux"
00:00:29.097721 nspr-2   Saving settings file "/home/taz/VirtualBox VMs/ctf_ubuntu/ctf_ubuntu.vbox" with version "1.16-linux"
00:00:29.460373 nspr-3   WARNING [COM]: aRC=NS_ERROR_FAILURE (0x80004005) aIID={16ced992-5fdc-4aba-aff5-6a39bbd7c38b} aComponent={HostWrap} aText={VirtualBox is not currently allowed to access USB devices.  You can change this by adding your user to the 'vboxusers' group.  Please see the user manual for a more detailed explanation}, preserve=true  aResultDetail=0
00:00:29.622257 nspr-3   WARNING [COM]: aRC=NS_ERROR_FAILURE (0x80004005) aIID={16ced992-5fdc-4aba-aff5-6a39bbd7c38b} aComponent={HostWrap} aText={VirtualBox is not currently allowed to access USB devices.  You can change this by adding your user to the 'vboxusers' group.  Please see the user manual for a more detailed explanation}, preserve=true  aResultDetail=0
00:00:29.623203 nspr-3   WARNING [COM]: aRC=NS_ERROR_FAILURE (0x80004005) aIID={16ced992-5fdc-4aba-aff5-6a39bbd7c38b} aComponent={HostWrap} aText={VirtualBox is not currently allowed to access USB devices.  You can change this by adding your user to the 'vboxusers' group.  Please see the user manual for a more detailed explanation}, preserve=true  aResultDetail=0
00:00:30.177877 nspr-3   Launched VM: 2818579536 pid: 18236 (0x473c) frontend: GUI/Qt name: ctf_ubuntu
00:00:30.217897 nspr-3   WARNING [COM]: aRC=NS_ERROR_FAILURE (0x80004005) aIID={16ced992-5fdc-4aba-aff5-6a39bbd7c38b} aComponent={HostWrap} aText={VirtualBox is not currently allowed to access USB devices.  You can change this by adding your user to the 'vboxusers' group.  Please see the user manual for a more detailed explanation}, preserve=true  aResultDetail=0
00:00:30.218665 nspr-3   WARNING [COM]: aRC=NS_ERROR_FAILURE (0x80004005) aIID={16ced992-5fdc-4aba-aff5-6a39bbd7c38b} aComponent={HostWrap} aText={VirtualBox is not currently allowed to access USB devices.  You can change this by adding your user to the 'vboxusers' group.  Please see the user manual for a more detailed explanation}, preserve=true  aResultDetail=0
00:00:30.499962 nspr-6   WARNING [COM]: aRC=NS_ERROR_FAILURE (0x80004005) aIID={16ced992-5fdc-4aba-aff5-6a39bbd7c38b} aComponent={HostWrap} aText={VirtualBox is not currently allowed to access USB devices.  You can change this by adding your user to the 'vboxusers' group.  Please see the user manual for a more detailed explanation}, preserve=true  aResultDetail=0
00:00:30.500982 nspr-6   WARNING [COM]: aRC=NS_ERROR_FAILURE (0x80004005) aIID={16ced992-5fdc-4aba-aff5-6a39bbd7c38b} aComponent={HostWrap} aText={VirtualBox is not currently allowed to access USB devices.  You can change this by adding your user to the 'vboxusers' group.  Please see the user manual for a more detailed explanation}, preserve=true  aResultDetail=0
00:00:31.079573 nspr-3   WARNING [COM]: aRC=NS_ERROR_FAILURE (0x80004005) aIID={16ced992-5fdc-4aba-aff5-6a39bbd7c38b} aComponent={HostWrap} aText={VirtualBox is not currently allowed to access USB devices.  You can change this by adding your user to the 'vboxusers' group.  Please see the user manual for a more detailed explanation}, preserve=true  aResultDetail=0
00:00:31.080892 nspr-4   WARNING [COM]: aRC=NS_ERROR_FAILURE (0x80004005) aIID={16ced992-5fdc-4aba-aff5-6a39bbd7c38b} aComponent={HostWrap} aText={VirtualBox is not currently allowed to access USB devices.  You can change this by adding your user to the 'vboxusers' group.  Please see the user manual for a more detailed explanation}, preserve=true  aResultDetail=0
00:00:31.081372 nspr-4   ERROR [COM]: aRC=VBOX_E_OBJECT_NOT_FOUND (0x80bb0001) aIID={70401eef-c8e9-466b-9660-45cb3e9979e4} aComponent={ExtPackManagerWrap} aText={No extension pack by the name 'Oracle VM VirtualBox Extension Pack' was found}, preserve=false aResultDetail=0
00:00:31.127729 nspr-4   WARNING [COM]: aRC=NS_ERROR_FAILURE (0x80004005) aIID={16ced992-5fdc-4aba-aff5-6a39bbd7c38b} aComponent={HostWrap} aText={VirtualBox is not currently allowed to access USB devices.  You can change this by adding your user to the 'vboxusers' group.  Please see the user manual for a more detailed explanation}, preserve=true  aResultDetail=0
00:00:31.129291 nspr-5   WARNING [COM]: aRC=NS_ERROR_FAILURE (0x80004005) aIID={16ced992-5fdc-4aba-aff5-6a39bbd7c38b} aComponent={HostWrap} aText={VirtualBox is not currently allowed to access USB devices.  You can change this by adding your user to the 'vboxusers' group.  Please see the user manual for a more detailed explanation}, preserve=true  aResultDetail=0
00:00:31.151334 nspr-5   ERROR [COM]: aRC=VBOX_E_IPRT_ERROR (0x80bb0005) aIID={85632c68-b5bb-4316-a900-5eb28d3413df} aComponent={SessionMachine} aText={Saved screenshot data is not available (VERR_NOT_SUPPORTED)}, preserve=false aResultDetail=-37
00:00:31.168490 nspr-4   NetIfAdpCtlOut: VBoxNetAdpCtl: Error while retrieving link speed for wlp0s20f3: VBoxNetAdpCtl: ioctl failed: Operation not supported
00:00:41.268250 nspr-5   Saving settings file "/home/taz/.config/VirtualBox/VirtualBox.xml" with version "1.12-linux"
00:00:41.272270 nspr-5   Saving settings file "/home/taz/.config/VirtualBox/VirtualBox.xml" with version "1.12-linux"
00:00:44.186444 nspr-2   Saving settings file "/home/taz/.config/VirtualBox/VirtualBox.xml" with version "1.12-linux"
00:00:44.191509 nspr-2   Saving settings file "/home/taz/VirtualBox VMs/ctf_ubuntu/ctf_ubuntu.vbox" with version "1.16-linux"
00:00:44.223923 nspr-2   WARNING [COM]: aRC=NS_ERROR_FAILURE (0x80004005) aIID={16ced992-5fdc-4aba-aff5-6a39bbd7c38b} aComponent={HostWrap} aText={VirtualBox is not currently allowed to access USB devices.  You can change this by adding your user to the 'vboxusers' group.  Please see the user manual for a more detailed explanation}, preserve=true  aResultDetail=0
00:00:44.261759 nspr-7   WARNING [COM]: aRC=NS_ERROR_FAILURE (0x80004005) aIID={16ced992-5fdc-4aba-aff5-6a39bbd7c38b} aComponent={HostWrap} aText={VirtualBox is not currently allowed to access USB devices.  You can change this by adding your user to the 'vboxusers' group.  Please see the user manual for a more detailed explanation}, preserve=true  aResultDetail=0
00:00:44.262606 nspr-4   WARNING [COM]: aRC=NS_ERROR_FAILURE (0x80004005) aIID={16ced992-5fdc-4aba-aff5-6a39bbd7c38b} aComponent={HostWrap} aText={VirtualBox is not currently allowed to access USB devices.  You can change this by adding your user to the 'vboxusers' group.  Please see the user manual for a more detailed explanation}, preserve=true  aResultDetail=0
00:00:44.963446 nspr-4   WARNING [COM]: aRC=NS_ERROR_FAILURE (0x80004005) aIID={16ced992-5fdc-4aba-aff5-6a39bbd7c38b} aComponent={HostWrap} aText={VirtualBox is not currently allowed to access USB devices.  You can change this by adding your user to the 'vboxusers' group.  Please see the user manual for a more detailed explanation}, preserve=true  aResultDetail=0
00:00:44.964469 nspr-2   WARNING [COM]: aRC=NS_ERROR_FAILURE (0x80004005) aIID={16ced992-5fdc-4aba-aff5-6a39bbd7c38b} aComponent={HostWrap} aText={VirtualBox is not currently allowed to access USB devices.  You can change this by adding your user to the 'vboxusers' group.  Please see the user manual for a more detailed explanation}, preserve=true  aResultDetail=0
00:01:08.125592 nspr-2   WARNING [COM]: aRC=NS_ERROR_FAILURE (0x80004005) aIID={16ced992-5fdc-4aba-aff5-6a39bbd7c38b} aComponent={HostWrap} aText={VirtualBox is not currently allowed to access USB devices.  You can change this by adding your user to the 'vboxusers' group.  Please see the user manual for a more detailed explanation}, preserve=true  aResultDetail=0
00:01:08.127220 nspr-2   WARNING [COM]: aRC=NS_ERROR_FAILURE (0x80004005) aIID={16ced992-5fdc-4aba-aff5-6a39bbd7c38b} aComponent={HostWrap} aText={VirtualBox is not currently allowed to access USB devices.  You can change this by adding your user to the 'vboxusers' group.  Please see the user manual for a more detailed explanation}, preserve=true  aResultDetail=0
00:01:08.233426 nspr-2   Saving settings file "/home/taz/VirtualBox VMs/ctf_ubuntu/ctf_ubuntu.vbox" with version "1.16-linux"
00:01:08.286371 nspr-2   WARNING [COM]: aRC=NS_ERROR_FAILURE (0x80004005) aIID={16ced992-5fdc-4aba-aff5-6a39bbd7c38b} aComponent={HostWrap} aText={VirtualBox is not currently allowed to access USB devices.  You can change this by adding your user to the 'vboxusers' group.  Please see the user manual for a more detailed explanation}, preserve=true  aResultDetail=0
00:01:08.287274 nspr-2   WARNING [COM]: aRC=NS_ERROR_FAILURE (0x80004005) aIID={16ced992-5fdc-4aba-aff5-6a39bbd7c38b} aComponent={HostWrap} aText={VirtualBox is not currently allowed to access USB devices.  You can change this by adding your user to the 'vboxusers' group.  Please see the user manual for a more detailed explanation}, preserve=true  aResultDetail=0
00:01:08.931936 nspr-4   Saving settings file "/home/taz/VirtualBox VMs/ctf_ubuntu/ctf_ubuntu.vbox" with version "1.16-linux"
00:01:08.944642 nspr-7   Saving settings file "/home/taz/VirtualBox VMs/ctf_ubuntu/ctf_ubuntu.vbox" with version "1.16-linux"
00:01:09.023417 nspr-2   WARNING [COM]: aRC=NS_ERROR_FAILURE (0x80004005) aIID={16ced992-5fdc-4aba-aff5-6a39bbd7c38b} aComponent={HostWrap} aText={VirtualBox is not currently allowed to access USB devices.  You can change this by adding your user to the 'vboxusers' group.  Please see the user manual for a more detailed explanation}, preserve=true  aResultDetail=0
00:01:09.024313 nspr-5   WARNING [COM]: aRC=NS_ERROR_FAILURE (0x80004005) aIID={16ced992-5fdc-4aba-aff5-6a39bbd7c38b} aComponent={HostWrap} aText={VirtualBox is not currently allowed to access USB devices.  You can change this by adding your user to the 'vboxusers' group.  Please see the user manual for a more detailed explanation}, preserve=true  aResultDetail=0
00:01:09.276594 nspr-8   WARNING [COM]: aRC=NS_ERROR_FAILURE (0x80004005) aIID={16ced992-5fdc-4aba-aff5-6a39bbd7c38b} aComponent={HostWrap} aText={VirtualBox is not currently allowed to access USB devices.  You can change this by adding your user to the 'vboxusers' group.  Please see the user manual for a more detailed explanation}, preserve=true  aResultDetail=0
00:01:09.278300 nspr-2   WARNING [COM]: aRC=NS_ERROR_FAILURE (0x80004005) aIID={16ced992-5fdc-4aba-aff5-6a39bbd7c38b} aComponent={HostWrap} aText={VirtualBox is not currently allowed to access USB devices.  You can change this by adding your user to the 'vboxusers' group.  Please see the user manual for a more detailed explanation}, preserve=true  aResultDetail=0
00:01:09.685151 nspr-5   Saving settings file "/home/taz/.config/VirtualBox/VirtualBox.xml" with version "1.12-linux"
00:01:09.689487 nspr-6   Saving settings file "/home/taz/.config/VirtualBox/VirtualBox.xml" with version "1.12-linux"
00:01:09.699076 nspr-8   Saving settings file "/home/taz/.config/VirtualBox/VirtualBox.xml" with version "1.12-linux"
00:01:09.702373 nspr-2   Saving settings file "/home/taz/.config/VirtualBox/VirtualBox.xml" with version "1.12-linux"
00:01:09.706774 nspr-4   Saving settings file "/home/taz/.config/VirtualBox/VirtualBox.xml" with version "1.12-linux"
00:01:15.216079 main     VirtualBox: object deletion starts
00:01:15.216174 main     ERROR [COM]: aRC=VBOX_E_OBJECT_IN_USE (0x80bb000c) aIID={ad47ad09-787b-44ab-b343-a082a3f2dfb1} aComponent={MediumWrap} aText={Medium '/home/taz/VirtualBox VMs/ctf_ubuntu/ctf_ubuntu.vdi' cannot be closed because it is still attached to 1 virtual machines}, preserve=false aResultDetail=0
00:01:15.216770 main     HostDnsMonitor: shutting down ...
00:01:15.228797 main     HostDnsMonitor: shut down
00:01:15.238430 Watcher  ERROR [COM]: aRC=E_ACCESSDENIED (0x80070005) aIID={d0a0163f-e254-4e5b-a1f2-011cf991c38d} aComponent={VirtualBoxWrap} aText={The object is not ready}, preserve=false aResultDetail=0
00:01:20.228938 main     {00007f24ac018db0} HostPowerServiceLinux::~HostPowerServiceLinux: RTThreadWait() for 5000 ms failed with VERR_TIMEOUT
00:01:20.229182 main     VirtualBox: object deleted
